test: 1
Массив: [0, 1, 2, 3, 4, 5, 6, 7, 8], Медиана: 4
Получено: 4
test 1 passed
test: 2
Массив: [1, 2, 3, 4, 5, 6, 7, 8, 0], Медиана: 4
Получено: 4
test 2 passed
test: 3
Массив: [2, 3, 4, 5, 6, 7, 8, 0, 1], Медиана: 4
Получено: 4
test 3 passed
test: 4
Массив: [3, 4, 5, 6, 7, 8, 0, 1, 2], Медиана: 4
Получено: 4
test 4 passed
test: 5
Массив: [4, 5, 6, 7, 8, 0, 1, 2, 3], Медиана: 4
Получено: 4
test 5 passed
test: 6
Массив: [5, 6, 7, 8, 0, 1, 2, 3, 4], Медиана: 4
Получено: 4
test 6 passed
test: 7
Массив: [6, 7, 8, 0, 1, 2, 3, 4, 5], Медиана: 4
Получено: 4
test 7 passed
test: 8
Массив: [7, 8, 0, 1, 2, 3, 4, 5, 6], Медиана: 4
Получено: 4
test 8 passed
test: 9
Массив: [8, 0, 1, 2, 3, 4, 5, 6, 7], Медиана: 4
Получено: 4
test 9 passed
test: 10
Массив: [57, 131, 78, 247, 13, 112, 205, 101, 196], Медиана: 112
Получено: 112
test 10 passed
test: 11
Массив: [198, 249, 136, 92, 59, 96, 137, 135, 88], Медиана: 135
Получено: 135
test 11 passed
test: 12
Массив: [254, 173, 146, 124, 128, 170, 80, 43, 157], Медиана: 146
Получено: 146
test 12 passed
test: 13
Массив: [140, 193, 67, 163, 18, 160, 107, 191, 45], Медиана: 140
Получено: 140
test 13 passed
test: 14
Массив: [96, 103, 8, 167, 132, 88, 214, 18, 246], Медиана: 103
Получено: 103
test 14 passed
test: 15
Массив: [49, 233, 220, 207, 104, 235, 159, 229, 107], Медиана: 207
Получено: 207
test 15 passed
test: 16
Массив: [74, 70, 229, 166, 201, 201, 91, 14, 136], Медиана: 136
Получено: 136
test 16 passed
test: 17
Массив: [152, 35, 159, 38, 172, 43, 172, 53, 137], Медиана: 137
Получено: 137
test 17 passed
test: 18
Массив: [79, 202, 133, 171, 89, 238, 139, 221, 220], Медиана: 171
Получено: 171
test 18 passed
test: 19
Массив: [11, 86, 198, 5, 205, 158, 123, 56, 235], Медиана: 123
Получено: 123
test 19 passed
test: 20
Массив: [157, 252, 186, 222, 15, 84, 13, 223, 248], Медиана: 186
Получено: 186
test 20 passed
test: 21
Массив: [131, 106, 89, 209, 68, 75, 173, 200, 49], Медиана: 106
Получено: 106
test 21 passed
test: 22
Массив: [32, 225, 18, 19, 65, 182, 183, 129, 20], Медиана: 65
Получено: 65
test 22 passed
test: 23
Массив: [24, 133, 203, 121, 162, 138, 11, 186, 157], Медиана: 138
Получено: 138
test 23 passed
test: 24
Массив: [110, 47, 177, 58, 107, 189, 4, 8, 69], Медиана: 69
Получено: 69
test 24 passed
test: 25
Массив: [85, 16, 26, 247, 185, 199, 237, 223, 118], Медиана: 185
Получено: 185
test 25 passed
test: 26
Массив: [13, 213, 164, 11, 38, 128, 21, 149, 185], Медиана: 128
Получено: 128
test 26 passed
test: 27
Массив: [185, 30, 234, 239, 150, 149, 212, 137, 79], Медиана: 150
Получено: 150
test 27 passed
test: 28
Массив: [170, 210, 217, 77, 146, 1, 109, 44, 47], Медиана: 109
Получено: 109
test 28 passed
test: 29
Массив: [197, 124, 93, 158, 236, 77, 52, 211, 113], Медиана: 124
Получено: 124
test 29 passed
test: 30
Массив: [23, 220, 167, 143, 32, 131, 30, 82, 46], Медиана: 82
Получено: 82
test 30 passed
